<?xml version="1.0" encoding="UTF-8"?>
<!-- Generated by org.testng.reporters.JUnitXMLReporter -->
<testsuite hostname="chaitanya" ignored="2" name="Default test" tests="1" failures="0" timestamp="01 Mar 2019 05:37:24 GMT" time="2.422" errors="0">
  <testcase name="Test3" time="2.359" classname="MainTestcase.PetClinicTest"/>
  <testcase name="Test2" time="0.0" classname="MainTestcase.PetClinicTest">
    <ignored/>
  </testcase> <!-- Test2 -->
  <testcase name="Test1" time="0.0" classname="MainTestcase.PetClinicTest">
    <ignored/>
  </testcase> <!-- Test1 -->
</testsuite> <!-- Default test -->
