<?xml version="1.0" encoding="UTF-8"?>
<testng-results skipped="0" failed="0" ignored="1" total="2" passed="1">
  <reporter-output>
  </reporter-output>
  <suite name="Default suite" duration-ms="46458" started-at="2019-03-27T12:24:15Z" finished-at="2019-03-27T12:25:02Z">
    <groups>
    </groups>
    <test name="Default test" duration-ms="46458" started-at="2019-03-27T12:24:15Z" finished-at="2019-03-27T12:25:02Z">
      <class name="MainTestcase.Saplingtest">
        <test-method status="PASS" signature="beforeTest()[pri:0, instance:MainTestcase.Saplingtest@e25b2fe]" name="beforeTest" is-config="true" duration-ms="11590" started-at="2019-03-27T12:24:15Z" finished-at="2019-03-27T12:24:27Z">
          <reporter-output>
          </reporter-output>
        </test-method> <!-- beforeTest -->
        <test-method status="PASS" signature="Test2()[pri:0, instance:MainTestcase.Saplingtest@e25b2fe]" name="Test2" duration-ms="34787" started-at="2019-03-27T12:24:27Z" description="Findowner" finished-at="2019-03-27T12:25:02Z">
          <reporter-output>
          </reporter-output>
        </test-method> <!-- Test2 -->
      </class> <!-- MainTestcase.Saplingtest -->
    </test> <!-- Default test -->
  </suite> <!-- Default suite -->
</testng-results>
